{"uid":"4f5d875a4d436971","name":"verifySendUsAMessageSectionWithoutCredentials()","fullName":"TestCases.HomePageTest.verifySendUsAMessageSectionWithoutCredentials","historyId":"3517e8306818d86735ea94bcd93e9069","time":{"start":1694378792130,"stop":1694378799905,"duration":7775},"description":"","status":"failed","statusMessage":"Element not found {By.xpath: /html/body/div[1]/div/div[3]/div[9]/div/div/div/div/div[1]/form/div[1]/div[1]/label/div/p}\r\nExpected: text \"Full Name can not be blank\"\r\nScreenshot: file:/C:/Users/Arpine/Desktop/Tesvan_Website/build/reports/tests/1694378799310.0.png\r\nPage source: file:/C:/Users/Arpine/Desktop/Tesvan_Website/build/reports/tests/1694378799310.0.html\r\nTimeout: 4 s.\r\nCaused by: NoSuchElementException: no such element: Unable to locate element: {\"method\":\"xpath\",\"selector\":\"/html/body/div[1]/div/div[3]/div[9]/div/div/div/div/div[1]/form/div[1]/div[1]/label/div/p\"}","statusTrace":"Element not found {By.xpath: /html/body/div[1]/div/div[3]/div[9]/div/div/div/div/div[1]/form/div[1]/div[1]/label/div/p}\r\nExpected: text \"Full Name can not be blank\"\r\nScreenshot: file:/C:/Users/Arpine/Desktop/Tesvan_Website/build/reports/tests/1694378799310.0.png\r\nPage source: file:/C:/Users/Arpine/Desktop/Tesvan_Website/build/reports/tests/1694378799310.0.html\r\nTimeout: 4 s.\r\nCaused by: NoSuchElementException: no such element: Unable to locate element: {\"method\":\"xpath\",\"selector\":\"/html/body/div[1]/div/div[3]/div[9]/div/div/div/div/div[1]/form/div[1]/div[1]/label/div/p\"}\r\n\tat com.codeborne.selenide.impl.WebElementSource.createElementNotFoundError(WebElementSource.java:91)\r\n\tat com.codeborne.selenide.impl.ElementFinder.createElementNotFoundError(ElementFinder.java:142)\r\n\tat com.codeborne.selenide.impl.WebElementSource.handleError(WebElementSource.java:143)\r\n\tat com.codeborne.selenide.impl.WebElementSource.checkConditionAndReturnElement(WebElementSource.java:127)\r\n\tat com.codeborne.selenide.impl.WebElementSource.checkCondition(WebElementSource.java:104)\r\n\tat com.codeborne.selenide.commands.Should.execute(Should.java:30)\r\n\tat com.codeborne.selenide.commands.Should.execute(Should.java:14)\r\n\tat com.codeborne.selenide.commands.Commands.execute(Commands.java:163)\r\n\tat com.codeborne.selenide.impl.SelenideElementProxy.dispatchAndRetry(SelenideElementProxy.java:132)\r\n\tat com.codeborne.selenide.impl.SelenideElementProxy.invoke(SelenideElementProxy.java:84)\r\n\tat com.sun.proxy.$Proxy14.shouldHave(Unknown Source)\r\n\tat TestCases.HomePageTest.verifySendUsAMessageSectionWithoutCredentials(HomePageTest.java:283)\r\n\tat java.base/jdk.internal.reflect.NativeMethodAccessorImpl.invoke0(Native Method)\r\n\tat java.base/jdk.internal.reflect.NativeMethodAccessorImpl.invoke(NativeMethodAccessorImpl.java:64)\r\n\tat java.base/jdk.internal.reflect.DelegatingMethodAccessorImpl.invoke(DelegatingMethodAccessorImpl.java:43)\r\n\tat java.base/java.lang.reflect.Method.invoke(Method.java:564)\r\n\tat org.junit.platform.commons.util.ReflectionUtils.invokeMethod(ReflectionUtils.java:727)\r\n\tat org.junit.jupiter.engine.execution.MethodInvocation.proceed(MethodInvocation.java:60)\r\n\tat org.junit.jupiter.engine.execution.InvocationInterceptorChain$ValidatingInvocation.proceed(InvocationInterceptorChain.java:131)\r\n\tat org.junit.jupiter.engine.extension.TimeoutExtension.intercept(TimeoutExtension.java:156)\r\n\tat org.junit.jupiter.engine.extension.TimeoutExtension.interceptTestableMethod(TimeoutExtension.java:147)\r\n\tat org.junit.jupiter.engine.extension.TimeoutExtension.interceptTestMethod(TimeoutExtension.java:86)\r\n\tat org.junit.jupiter.engine.execution.InterceptingExecutableInvoker$ReflectiveInterceptorCall.lambda$ofVoidMethod$0(InterceptingExecutableInvoker.java:103)\r\n\tat org.junit.jupiter.engine.execution.InterceptingExecutableInvoker.lambda$invoke$0(InterceptingExecutableInvoker.java:93)\r\n\tat org.junit.jupiter.engine.execution.InvocationInterceptorChain$InterceptedInvocation.proceed(InvocationInterceptorChain.java:106)\r\n\tat org.junit.jupiter.engine.execution.InvocationInterceptorChain.proceed(InvocationInterceptorChain.java:64)\r\n\tat org.junit.jupiter.engine.execution.InvocationInterceptorChain.chainAndInvoke(InvocationInterceptorChain.java:45)\r\n\tat org.junit.jupiter.engine.execution.InvocationInterceptorChain.invoke(InvocationInterceptorChain.java:37)\r\n\tat org.junit.jupiter.engine.execution.InterceptingExecutableInvoker.invoke(InterceptingExecutableInvoker.java:92)\r\n\tat org.junit.jupiter.engine.execution.InterceptingExecutableInvoker.invoke(InterceptingExecutableInvoker.java:86)\r\n\tat org.junit.jupiter.engine.descriptor.TestMethodTestDescriptor.lambda$invokeTestMethod$7(TestMethodTestDescriptor.java:217)\r\n\tat org.junit.platform.engine.support.hierarchical.ThrowableCollector.execute(ThrowableCollector.java:73)\r\n\tat org.junit.jupiter.engine.descriptor.TestMethodTestDescriptor.invokeTestMethod(TestMethodTestDescriptor.java:213)\r\n\tat org.junit.jupiter.engine.descriptor.TestMethodTestDescriptor.execute(TestMethodTestDescriptor.java:138)\r\n\tat org.junit.jupiter.engine.descriptor.TestMethodTestDescriptor.execute(TestMethodTestDescriptor.java:68)\r\n\tat org.junit.platform.engine.support.hierarchical.NodeTestTask.lambda$executeRecursively$6(NodeTestTask.java:151)\r\n\tat org.junit.platform.engine.support.hierarchical.ThrowableCollector.execute(ThrowableCollector.java:73)\r\n\tat org.junit.platform.engine.support.hierarchical.NodeTestTask.lambda$executeRecursively$8(NodeTestTask.java:141)\r\n\tat org.junit.platform.engine.support.hierarchical.Node.around(Node.java:137)\r\n\tat org.junit.platform.engine.support.hierarchical.NodeTestTask.lambda$executeRecursively$9(NodeTestTask.java:139)\r\n\tat org.junit.platform.engine.support.hierarchical.ThrowableCollector.execute(ThrowableCollector.java:73)\r\n\tat org.junit.platform.engine.support.hierarchical.NodeTestTask.executeRecursively(NodeTestTask.java:138)\r\n\tat org.junit.platform.engine.support.hierarchical.NodeTestTask.execute(NodeTestTask.java:95)\r\n\tat java.base/java.util.ArrayList.forEach(ArrayList.java:1511)\r\n\tat org.junit.platform.engine.support.hierarchical.SameThreadHierarchicalTestExecutorService.invokeAll(SameThreadHierarchicalTestExecutorService.java:41)\r\n\tat org.junit.platform.engine.support.hierarchical.NodeTestTask.lambda$executeRecursively$6(NodeTestTask.java:155)\r\n\tat org.junit.platform.engine.support.hierarchical.ThrowableCollector.execute(ThrowableCollector.java:73)\r\n\tat org.junit.platform.engine.support.hierarchical.NodeTestTask.lambda$executeRecursively$8(NodeTestTask.java:141)\r\n\tat org.junit.platform.engine.support.hierarchical.Node.around(Node.java:137)\r\n\tat org.junit.platform.engine.support.hierarchical.NodeTestTask.lambda$executeRecursively$9(NodeTestTask.java:139)\r\n\tat org.junit.platform.engine.support.hierarchical.ThrowableCollector.execute(ThrowableCollector.java:73)\r\n\tat org.junit.platform.engine.support.hierarchical.NodeTestTask.executeRecursively(NodeTestTask.java:138)\r\n\tat org.junit.platform.engine.support.hierarchical.NodeTestTask.execute(NodeTestTask.java:95)\r\n\tat java.base/java.util.ArrayList.forEach(ArrayList.java:1511)\r\n\tat org.junit.platform.engine.support.hierarchical.SameThreadHierarchicalTestExecutorService.invokeAll(SameThreadHierarchicalTestExecutorService.java:41)\r\n\tat org.junit.platform.engine.support.hierarchical.NodeTestTask.lambda$executeRecursively$6(NodeTestTask.java:155)\r\n\tat org.junit.platform.engine.support.hierarchical.ThrowableCollector.execute(ThrowableCollector.java:73)\r\n\tat org.junit.platform.engine.support.hierarchical.NodeTestTask.lambda$executeRecursively$8(NodeTestTask.java:141)\r\n\tat org.junit.platform.engine.support.hierarchical.Node.around(Node.java:137)\r\n\tat org.junit.platform.engine.support.hierarchical.NodeTestTask.lambda$executeRecursively$9(NodeTestTask.java:139)\r\n\tat org.junit.platform.engine.support.hierarchical.ThrowableCollector.execute(ThrowableCollector.java:73)\r\n\tat org.junit.platform.engine.support.hierarchical.NodeTestTask.executeRecursively(NodeTestTask.java:138)\r\n\tat org.junit.platform.engine.support.hierarchical.NodeTestTask.execute(NodeTestTask.java:95)\r\n\tat org.junit.platform.engine.support.hierarchical.SameThreadHierarchicalTestExecutorService.submit(SameThreadHierarchicalTestExecutorService.java:35)\r\n\tat org.junit.platform.engine.support.hierarchical.HierarchicalTestExecutor.execute(HierarchicalTestExecutor.java:57)\r\n\tat org.junit.platform.engine.support.hierarchical.HierarchicalTestEngine.execute(HierarchicalTestEngine.java:54)\r\n\tat org.junit.platform.launcher.core.EngineExecutionOrchestrator.execute(EngineExecutionOrchestrator.java:147)\r\n\tat org.junit.platform.launcher.core.EngineExecutionOrchestrator.execute(EngineExecutionOrchestrator.java:127)\r\n\tat org.junit.platform.launcher.core.EngineExecutionOrchestrator.execute(EngineExecutionOrchestrator.java:90)\r\n\tat org.junit.platform.launcher.core.EngineExecutionOrchestrator.lambda$execute$0(EngineExecutionOrchestrator.java:55)\r\n\tat org.junit.platform.launcher.core.EngineExecutionOrchestrator.withInterceptedStreams(EngineExecutionOrchestrator.java:102)\r\n\tat org.junit.platform.launcher.core.EngineExecutionOrchestrator.execute(EngineExecutionOrchestrator.java:54)\r\n\tat org.junit.platform.launcher.core.DefaultLauncher.execute(DefaultLauncher.java:114)\r\n\tat org.junit.platform.launcher.core.DefaultLauncher.execute(DefaultLauncher.java:86)\r\n\tat org.junit.platform.launcher.core.DefaultLauncherSession$DelegatingLauncher.execute(DefaultLauncherSession.java:86)\r\n\tat org.junit.platform.launcher.core.SessionPerRequestLauncher.execute(SessionPerRequestLauncher.java:53)\r\n\tat com.intellij.junit5.JUnit5IdeaTestRunner.startRunnerWithArgs(JUnit5IdeaTestRunner.java:71)\r\n\tat com.intellij.rt.junit.IdeaTestRunner$Repeater.startRunnerWithArgs(IdeaTestRunner.java:33)\r\n\tat com.intellij.rt.junit.JUnitStarter.prepareStreamsAndStart(JUnitStarter.java:220)\r\n\tat com.intellij.rt.junit.JUnitStarter.main(JUnitStarter.java:53)\r\nCaused by: org.openqa.selenium.NoSuchElementException: no such element: Unable to locate element: {\"method\":\"xpath\",\"selector\":\"/html/body/div[1]/div/div[3]/div[9]/div/div/div/div/div[1]/form/div[1]/div[1]/label/div/p\"}\n  (Session info: chrome=116.0.5845.141)\nFor documentation on this error, please visit: https://www.selenium.dev/documentation/webdriver/troubleshooting/errors#no-such-element-exception\nBuild info: version: '4.11.0', revision: '040bc5406b'\nSystem info: os.name: 'Windows 10', os.arch: 'amd64', os.version: '10.0', java.version: '15.0.2'\nDriver info: org.openqa.selenium.chrome.ChromeDriver\nCommand: [8923e37dd9e77798aab28aa9be92b40a, findElement {using=xpath, value=/html/body/div[1]/div/div[3]/div[9]/div/div/div/div/div[1]/form/div[1]/div[1]/label/div/p}]\nCapabilities {acceptInsecureCerts: true, browserName: chrome, browserVersion: 116.0.5845.141, chrome: {chromedriverVersion: 116.0.5845.96 (1a3918166880..., userDataDir: C:\\WINDOWS\\SystemTemp\\scope...}, fedcm:accounts: true, goog:chromeOptions: {debuggerAddress: localhost:62270}, networkConnectionEnabled: false, pageLoadStrategy: normal, platformName: windows, proxy: Proxy(), se:cdp: ws://localhost:62270/devtoo..., se:cdpVersion: 116.0.5845.141, setWindowRect: true, strictFileInteractability: false, timeouts: {implicit: 0, pageLoad: 300000, script: 30000}, unhandledPromptBehavior: accept, webauthn:extension:credBlob: true, webauthn:extension:largeBlob: true, webauthn:extension:minPinLength: true, webauthn:extension:prf: true, webauthn:virtualAuthenticators: true}\nSession ID: 8923e37dd9e77798aab28aa9be92b40a\r\n\tat jdk.internal.reflect.GeneratedConstructorAccessor16.newInstance(Unknown Source)\r\n\tat java.base/jdk.internal.reflect.DelegatingConstructorAccessorImpl.newInstance(DelegatingConstructorAccessorImpl.java:45)\r\n\tat java.base/java.lang.reflect.Constructor.newInstanceWithCaller(Constructor.java:500)\r\n\tat java.base/java.lang.reflect.Constructor.newInstance(Constructor.java:481)\r\n\tat org.openqa.selenium.remote.codec.w3c.W3CHttpResponseCodec.createException(W3CHttpResponseCodec.java:200)\r\n\tat org.openqa.selenium.remote.codec.w3c.W3CHttpResponseCodec.decode(W3CHttpResponseCodec.java:133)\r\n\tat org.openqa.selenium.remote.codec.w3c.W3CHttpResponseCodec.decode(W3CHttpResponseCodec.java:52)\r\n\tat org.openqa.selenium.remote.HttpCommandExecutor.execute(HttpCommandExecutor.java:191)\r\n\tat org.openqa.selenium.remote.service.DriverCommandExecutor.invokeExecute(DriverCommandExecutor.java:196)\r\n\tat org.openqa.selenium.remote.service.DriverCommandExecutor.execute(DriverCommandExecutor.java:171)\r\n\tat org.openqa.selenium.remote.RemoteWebDriver.execute(RemoteWebDriver.java:518)\r\n\tat org.openqa.selenium.remote.ElementLocation$ElementFinder$2.findElement(ElementLocation.java:165)\r\n\tat org.openqa.selenium.remote.ElementLocation.findElement(ElementLocation.java:59)\r\n\tat org.openqa.selenium.remote.RemoteWebDriver.findElement(RemoteWebDriver.java:355)\r\n\tat org.openqa.selenium.remote.RemoteWebDriver.findElement(RemoteWebDriver.java:349)\r\n\tat com.codeborne.selenide.impl.WebElementSelector.findElement(WebElementSelector.java:70)\r\n\tat com.codeborne.selenide.impl.WebElementSelector.findElement(WebElementSelector.java:44)\r\n\tat com.codeborne.selenide.impl.WebElementSelector.findElement(WebElementSelector.java:33)\r\n\tat com.codeborne.selenide.impl.ElementFinder.getWebElement(ElementFinder.java:122)\r\n\tat com.codeborne.selenide.impl.WebElementSource.checkConditionAndReturnElement(WebElementSource.java:116)\r\n\t... 76 more\r\n","flaky":false,"newFailed":false,"newBroken":false,"newPassed":false,"retriesCount":10,"retriesStatusChange":true,"beforeStages":[],"afterStages":[],"labels":[{"name":"junit.platform.uniqueid","value":"[engine:junit-jupiter]/[class:TestCases.HomePageTest]/[method:verifySendUsAMessageSectionWithoutCredentials()]"},{"name":"host","value":"Arpine-PC"},{"name":"thread","value":"17956@Arpine-PC.main(1)"},{"name":"framework","value":"junit-platform"},{"name":"language","value":"java"},{"name":"package","value":"TestCases.HomePageTest"},{"name":"testClass","value":"TestCases.HomePageTest"},{"name":"testMethod","value":"verifySendUsAMessageSectionWithoutCredentials"},{"name":"suite","value":"TestCases.HomePageTest"},{"name":"resultFormat","value":"allure2"}],"parameters":[],"links":[],"hidden":false,"retry":false,"extra":{"severity":"normal","retries":[{"uid":"fbd794f15f44deb4","status":"failed","statusDetails":"Element not found {By.xpath: /html/body/div[1]/div/div[3]/div[9]/div/div/div/div/div[1]/form/div[1]/div[1]/label/div/p}\r\nExpected: text \"Full Name can not be blank\"\r\nScreenshot: file:/C:/Users/Arpine/Desktop/Tesvan_Website/build/reports/tests/1694371646079.0.png\r\nPage source: file:/C:/Users/Arpine/Desktop/Tesvan_Website/build/reports/tests/1694371646079.0.html\r\nTimeout: 4 s.\r\nCaused by: NoSuchElementException: no such element: Unable to locate element: {\"method\":\"xpath\",\"selector\":\"/html/body/div[1]/div/div[3]/div[9]/div/div/div/div/div[1]/form/div[1]/div[1]/label/div/p\"}","time":{"start":1694371639592,"stop":1694371646515,"duration":6923}},{"uid":"761420f628abf29f","status":"passed","time":{"start":1694359930445,"stop":1694359939373,"duration":8928}},{"uid":"b0cddcefa41dbc21","status":"failed","statusDetails":"Element not found {div.ContactForm_first__qs9ba > div:nth-child(1) > label > div > p}\r\nExpected: text \"Full Name can not be blank\"\r\nScreenshot: file:/C:/Users/Arpine/Desktop/Tesvan_Website/build/reports/tests/1694358606438.0.png\r\nPage source: file:/C:/Users/Arpine/Desktop/Tesvan_Website/build/reports/tests/1694358606438.0.html\r\nTimeout: 4 s.\r\nCaused by: NoSuchElementException: no such element: Unable to locate element: {\"method\":\"css selector\",\"selector\":\"div.ContactForm_first__qs9ba > div:nth-child(1) > label > div > p\"}","time":{"start":1694358599879,"stop":1694358606984,"duration":7105}},{"uid":"1a79df128633a3bf","status":"passed","time":{"start":1694357523915,"stop":1694357531393,"duration":7478}},{"uid":"4e8d53f2dd7c8d67","status":"passed","time":{"start":1694357502701,"stop":1694357509708,"duration":7007}},{"uid":"eb80cf2834deef96","status":"passed","time":{"start":1694357480826,"stop":1694357487757,"duration":6931}},{"uid":"d691e854bc544e5b","status":"passed","time":{"start":1694357459484,"stop":1694357466786,"duration":7302}},{"uid":"565a0594687f47aa","status":"passed","time":{"start":1694357434393,"stop":1694357442122,"duration":7729}},{"uid":"2e55788a44caf455","status":"failed","statusDetails":"Element not found {html > body > div:nth-of-type(1) > div > div:nth-of-type(3) > div:nth-of-type(9) > div > div > div > div > div:nth-of-type(1) > form > div:nth-of-type(1) > div:nth-of-type(1) > label > div > p}\r\nExpected: text \"Full Name can not be blank\"\r\nScreenshot: file:/C:/Users/Arpine/Desktop/Tesvan_Website/build/reports/tests/1694357255684.0.png\r\nPage source: file:/C:/Users/Arpine/Desktop/Tesvan_Website/build/reports/tests/1694357255684.0.html\r\nTimeout: 4 s.\r\nCaused by: NoSuchElementException: no such element: Unable to locate element: {\"method\":\"css selector\",\"selector\":\"html > body > div:nth-of-type(1) > div > div:nth-of-type(3) > div:nth-of-type(9) > div > div > div > div > div:nth-of-type(1) > form > div:nth-of-type(1) > div:nth-of-type(1) > label > div > p\"}","time":{"start":1694357249202,"stop":1694357256110,"duration":6908}},{"uid":"da8a2cb6369c9852","status":"failed","statusDetails":"Element not found {html > body > div:nth-of-type(1) > div > div:nth-of-type(3) > div:nth-of-type(9) > div > div > div > div > div:nth-of-type(1) > form > div:nth-of-type(1) > div:nth-of-type(1) > label > div > p}\r\nExpected: text \"Full Name can not be blank\"\r\nScreenshot: file:/C:/Users/Arpine/Desktop/Tesvan_Website/build/reports/tests/1694356882693.2.png\r\nPage source: file:/C:/Users/Arpine/Desktop/Tesvan_Website/build/reports/tests/1694356882693.2.html\r\nTimeout: 4 s.\r\nCaused by: NoSuchElementException: no such element: Unable to locate element: {\"method\":\"css selector\",\"selector\":\"html > body > div:nth-of-type(1) > div > div:nth-of-type(3) > div:nth-of-type(9) > div > div > div > div > div:nth-of-type(1) > form > div:nth-of-type(1) > div:nth-of-type(1) > label > div > p\"}","time":{"start":1694356878408,"stop":1694356882978,"duration":4570}}],"categories":[{"name":"Product defects","matchedStatuses":[],"flaky":false}],"history":{"statistic":{"failed":4,"broken":0,"skipped":0,"passed":1,"unknown":0,"total":5},"items":[{"uid":"9a115b93fc23eddd","reportUrl":"http://localhost:8080/job/Tesvan_Website/5/allure/#testresult/9a115b93fc23eddd","status":"failed","statusDetails":"Element not found {By.xpath: /html/body/div[1]/div/div[3]/div[9]/div/div/div/div/div[1]/form/div[1]/div[1]/label/div/p}\r\nExpected: text \"Full Name can not be blank\"\r\nScreenshot: file:/C:/Users/Arpine/Desktop/Tesvan_Website/build/reports/tests/1694371646079.0.png\r\nPage source: file:/C:/Users/Arpine/Desktop/Tesvan_Website/build/reports/tests/1694371646079.0.html\r\nTimeout: 4 s.\r\nCaused by: NoSuchElementException: no such element: Unable to locate element: {\"method\":\"xpath\",\"selector\":\"/html/body/div[1]/div/div[3]/div[9]/div/div/div/div/div[1]/form/div[1]/div[1]/label/div/p\"}","time":{"start":1694371639592,"stop":1694371646515,"duration":6923}},{"uid":"21208f2d147d028d","reportUrl":"http://localhost:8080/job/Tesvan_Website/4/allure/#testresult/21208f2d147d028d","status":"failed","statusDetails":"Element not found {By.xpath: /html/body/div[1]/div/div[3]/div[9]/div/div/div/div/div[1]/form/div[1]/div[1]/label/div/p}\r\nExpected: text \"Full Name can not be blank\"\r\nScreenshot: file:/C:/Users/Arpine/Desktop/Tesvan_Website/build/reports/tests/1694371646079.0.png\r\nPage source: file:/C:/Users/Arpine/Desktop/Tesvan_Website/build/reports/tests/1694371646079.0.html\r\nTimeout: 4 s.\r\nCaused by: NoSuchElementException: no such element: Unable to locate element: {\"method\":\"xpath\",\"selector\":\"/html/body/div[1]/div/div[3]/div[9]/div/div/div/div/div[1]/form/div[1]/div[1]/label/div/p\"}","time":{"start":1694371639592,"stop":1694371646515,"duration":6923}},{"uid":"179d7fd312926eb4","reportUrl":"http://localhost:8080/job/Tesvan_Website/3/allure/#testresult/179d7fd312926eb4","status":"failed","statusDetails":"Element not found {By.xpath: /html/body/div[1]/div/div[3]/div[9]/div/div/div/div/div[1]/form/div[1]/div[1]/label/div/p}\r\nExpected: text \"Full Name can not be blank\"\r\nScreenshot: file:/C:/Users/Arpine/Desktop/Tesvan_Website/build/reports/tests/1694371646079.0.png\r\nPage source: file:/C:/Users/Arpine/Desktop/Tesvan_Website/build/reports/tests/1694371646079.0.html\r\nTimeout: 4 s.\r\nCaused by: NoSuchElementException: no such element: Unable to locate element: {\"method\":\"xpath\",\"selector\":\"/html/body/div[1]/div/div[3]/div[9]/div/div/div/div/div[1]/form/div[1]/div[1]/label/div/p\"}","time":{"start":1694371639592,"stop":1694371646515,"duration":6923}},{"uid":"3013ac48bb826208","reportUrl":"http://localhost:8080/job/Tesvan_Website/2/allure/#testresult/3013ac48bb826208","status":"passed","time":{"start":1694359930445,"stop":1694359939373,"duration":8928}}]},"tags":[]},"source":"4f5d875a4d436971.json","parameterValues":[]}