{"uid":"71e0cf4d9711d1e8","name":"verifySecondPageIsHighlighted()","fullName":"TestCases.CasesTest.verifySecondPageIsHighlighted","historyId":"2845b943a0271834bde0bb3d88d9e013","time":{"start":1694349090005,"stop":1694349095462,"duration":5457},"description":"","status":"failed","statusMessage":"Invalid element state [#\\32]: element click intercepted: Element <div id=\"...\" class=\"Cases_active__HUpJ0\">2</div> is not clickable at point (676, 62). Other element would receive the click: <nav class=\"MenuItems_itemsNav__iv9jh\">...</nav>\r\nScreenshot: file:/C:/Users/Arpine/Desktop/Tesvan_Website/build/reports/tests/1694349095162.0.png\r\nPage source: file:/C:/Users/Arpine/Desktop/Tesvan_Website/build/reports/tests/1694349095162.0.html\r\nTimeout: 4 s.\r\nCaused by: ElementClickInterceptedException: element click intercepted: Element <div id=\"...\" class=\"Cases_active__HUpJ0\">2</div> is not clickable at point (676, 62). Other element would receive the click: <nav class=\"MenuItems_itemsNav__iv9jh\">...</nav>","statusTrace":"Invalid element state [#\\32]: element click intercepted: Element <div id=\"...\" class=\"Cases_active__HUpJ0\">2</div> is not clickable at point (676, 62). Other element would receive the click: <nav class=\"MenuItems_itemsNav__iv9jh\">...</nav>\r\nScreenshot: file:/C:/Users/Arpine/Desktop/Tesvan_Website/build/reports/tests/1694349095162.0.png\r\nPage source: file:/C:/Users/Arpine/Desktop/Tesvan_Website/build/reports/tests/1694349095162.0.html\r\nTimeout: 4 s.\r\nCaused by: ElementClickInterceptedException: element click intercepted: Element <div id=\"...\" class=\"Cases_active__HUpJ0\">2</div> is not clickable at point (676, 62). Other element would receive the click: <nav class=\"MenuItems_itemsNav__iv9jh\">...</nav>\r\n\tat com.codeborne.selenide.impl.ExceptionWrapper.wrap(ExceptionWrapper.java:26)\r\n\tat com.codeborne.selenide.impl.SelenideElementProxy.dispatchAndRetry(SelenideElementProxy.java:154)\r\n\tat com.codeborne.selenide.impl.SelenideElementProxy.invoke(SelenideElementProxy.java:84)\r\n\tat com.sun.proxy.$Proxy14.click(Unknown Source)\r\n\tat TestCases.CasesTest.verifySecondPageIsHighlighted(CasesTest.java:188)\r\n\tat java.base/jdk.internal.reflect.NativeMethodAccessorImpl.invoke0(Native Method)\r\n\tat java.base/jdk.internal.reflect.NativeMethodAccessorImpl.invoke(NativeMethodAccessorImpl.java:64)\r\n\tat java.base/jdk.internal.reflect.DelegatingMethodAccessorImpl.invoke(DelegatingMethodAccessorImpl.java:43)\r\n\tat java.base/java.lang.reflect.Method.invoke(Method.java:564)\r\n\tat org.junit.platform.commons.util.ReflectionUtils.invokeMethod(ReflectionUtils.java:727)\r\n\tat org.junit.jupiter.engine.execution.MethodInvocation.proceed(MethodInvocation.java:60)\r\n\tat org.junit.jupiter.engine.execution.InvocationInterceptorChain$ValidatingInvocation.proceed(InvocationInterceptorChain.java:131)\r\n\tat org.junit.jupiter.engine.extension.TimeoutExtension.intercept(TimeoutExtension.java:156)\r\n\tat org.junit.jupiter.engine.extension.TimeoutExtension.interceptTestableMethod(TimeoutExtension.java:147)\r\n\tat org.junit.jupiter.engine.extension.TimeoutExtension.interceptTestMethod(TimeoutExtension.java:86)\r\n\tat org.junit.jupiter.engine.execution.InterceptingExecutableInvoker$ReflectiveInterceptorCall.lambda$ofVoidMethod$0(InterceptingExecutableInvoker.java:103)\r\n\tat org.junit.jupiter.engine.execution.InterceptingExecutableInvoker.lambda$invoke$0(InterceptingExecutableInvoker.java:93)\r\n\tat org.junit.jupiter.engine.execution.InvocationInterceptorChain$InterceptedInvocation.proceed(InvocationInterceptorChain.java:106)\r\n\tat org.junit.jupiter.engine.execution.InvocationInterceptorChain.proceed(InvocationInterceptorChain.java:64)\r\n\tat org.junit.jupiter.engine.execution.InvocationInterceptorChain.chainAndInvoke(InvocationInterceptorChain.java:45)\r\n\tat org.junit.jupiter.engine.execution.InvocationInterceptorChain.invoke(InvocationInterceptorChain.java:37)\r\n\tat org.junit.jupiter.engine.execution.InterceptingExecutableInvoker.invoke(InterceptingExecutableInvoker.java:92)\r\n\tat org.junit.jupiter.engine.execution.InterceptingExecutableInvoker.invoke(InterceptingExecutableInvoker.java:86)\r\n\tat org.junit.jupiter.engine.descriptor.TestMethodTestDescriptor.lambda$invokeTestMethod$7(TestMethodTestDescriptor.java:217)\r\n\tat org.junit.platform.engine.support.hierarchical.ThrowableCollector.execute(ThrowableCollector.java:73)\r\n\tat org.junit.jupiter.engine.descriptor.TestMethodTestDescriptor.invokeTestMethod(TestMethodTestDescriptor.java:213)\r\n\tat org.junit.jupiter.engine.descriptor.TestMethodTestDescriptor.execute(TestMethodTestDescriptor.java:138)\r\n\tat org.junit.jupiter.engine.descriptor.TestMethodTestDescriptor.execute(TestMethodTestDescriptor.java:68)\r\n\tat org.junit.platform.engine.support.hierarchical.NodeTestTask.lambda$executeRecursively$6(NodeTestTask.java:151)\r\n\tat org.junit.platform.engine.support.hierarchical.ThrowableCollector.execute(ThrowableCollector.java:73)\r\n\tat org.junit.platform.engine.support.hierarchical.NodeTestTask.lambda$executeRecursively$8(NodeTestTask.java:141)\r\n\tat org.junit.platform.engine.support.hierarchical.Node.around(Node.java:137)\r\n\tat org.junit.platform.engine.support.hierarchical.NodeTestTask.lambda$executeRecursively$9(NodeTestTask.java:139)\r\n\tat org.junit.platform.engine.support.hierarchical.ThrowableCollector.execute(ThrowableCollector.java:73)\r\n\tat org.junit.platform.engine.support.hierarchical.NodeTestTask.executeRecursively(NodeTestTask.java:138)\r\n\tat org.junit.platform.engine.support.hierarchical.NodeTestTask.execute(NodeTestTask.java:95)\r\n\tat java.base/java.util.ArrayList.forEach(ArrayList.java:1511)\r\n\tat org.junit.platform.engine.support.hierarchical.SameThreadHierarchicalTestExecutorService.invokeAll(SameThreadHierarchicalTestExecutorService.java:41)\r\n\tat org.junit.platform.engine.support.hierarchical.NodeTestTask.lambda$executeRecursively$6(NodeTestTask.java:155)\r\n\tat org.junit.platform.engine.support.hierarchical.ThrowableCollector.execute(ThrowableCollector.java:73)\r\n\tat org.junit.platform.engine.support.hierarchical.NodeTestTask.lambda$executeRecursively$8(NodeTestTask.java:141)\r\n\tat org.junit.platform.engine.support.hierarchical.Node.around(Node.java:137)\r\n\tat org.junit.platform.engine.support.hierarchical.NodeTestTask.lambda$executeRecursively$9(NodeTestTask.java:139)\r\n\tat org.junit.platform.engine.support.hierarchical.ThrowableCollector.execute(ThrowableCollector.java:73)\r\n\tat org.junit.platform.engine.support.hierarchical.NodeTestTask.executeRecursively(NodeTestTask.java:138)\r\n\tat org.junit.platform.engine.support.hierarchical.NodeTestTask.execute(NodeTestTask.java:95)\r\n\tat java.base/java.util.ArrayList.forEach(ArrayList.java:1511)\r\n\tat org.junit.platform.engine.support.hierarchical.SameThreadHierarchicalTestExecutorService.invokeAll(SameThreadHierarchicalTestExecutorService.java:41)\r\n\tat org.junit.platform.engine.support.hierarchical.NodeTestTask.lambda$executeRecursively$6(NodeTestTask.java:155)\r\n\tat org.junit.platform.engine.support.hierarchical.ThrowableCollector.execute(ThrowableCollector.java:73)\r\n\tat org.junit.platform.engine.support.hierarchical.NodeTestTask.lambda$executeRecursively$8(NodeTestTask.java:141)\r\n\tat org.junit.platform.engine.support.hierarchical.Node.around(Node.java:137)\r\n\tat org.junit.platform.engine.support.hierarchical.NodeTestTask.lambda$executeRecursively$9(NodeTestTask.java:139)\r\n\tat org.junit.platform.engine.support.hierarchical.ThrowableCollector.execute(ThrowableCollector.java:73)\r\n\tat org.junit.platform.engine.support.hierarchical.NodeTestTask.executeRecursively(NodeTestTask.java:138)\r\n\tat org.junit.platform.engine.support.hierarchical.NodeTestTask.execute(NodeTestTask.java:95)\r\n\tat org.junit.platform.engine.support.hierarchical.SameThreadHierarchicalTestExecutorService.submit(SameThreadHierarchicalTestExecutorService.java:35)\r\n\tat org.junit.platform.engine.support.hierarchical.HierarchicalTestExecutor.execute(HierarchicalTestExecutor.java:57)\r\n\tat org.junit.platform.engine.support.hierarchical.HierarchicalTestEngine.execute(HierarchicalTestEngine.java:54)\r\n\tat org.junit.platform.launcher.core.EngineExecutionOrchestrator.execute(EngineExecutionOrchestrator.java:147)\r\n\tat org.junit.platform.launcher.core.EngineExecutionOrchestrator.execute(EngineExecutionOrchestrator.java:127)\r\n\tat org.junit.platform.launcher.core.EngineExecutionOrchestrator.execute(EngineExecutionOrchestrator.java:90)\r\n\tat org.junit.platform.launcher.core.EngineExecutionOrchestrator.lambda$execute$0(EngineExecutionOrchestrator.java:55)\r\n\tat org.junit.platform.launcher.core.EngineExecutionOrchestrator.withInterceptedStreams(EngineExecutionOrchestrator.java:102)\r\n\tat org.junit.platform.launcher.core.EngineExecutionOrchestrator.execute(EngineExecutionOrchestrator.java:54)\r\n\tat org.junit.platform.launcher.core.DefaultLauncher.execute(DefaultLauncher.java:114)\r\n\tat org.junit.platform.launcher.core.DefaultLauncher.execute(DefaultLauncher.java:86)\r\n\tat org.junit.platform.launcher.core.DefaultLauncherSession$DelegatingLauncher.execute(DefaultLauncherSession.java:86)\r\n\tat org.junit.platform.launcher.core.SessionPerRequestLauncher.execute(SessionPerRequestLauncher.java:53)\r\n\tat com.intellij.junit5.JUnit5IdeaTestRunner.startRunnerWithArgs(JUnit5IdeaTestRunner.java:71)\r\n\tat com.intellij.rt.junit.IdeaTestRunner$Repeater.startRunnerWithArgs(IdeaTestRunner.java:33)\r\n\tat com.intellij.rt.junit.JUnitStarter.prepareStreamsAndStart(JUnitStarter.java:220)\r\n\tat com.intellij.rt.junit.JUnitStarter.main(JUnitStarter.java:53)\r\nCaused by: org.openqa.selenium.ElementClickInterceptedException: element click intercepted: Element <div id=\"...\" class=\"Cases_active__HUpJ0\">2</div> is not clickable at point (676, 62). Other element would receive the click: <nav class=\"MenuItems_itemsNav__iv9jh\">...</nav>\n  (Session info: chrome=116.0.5845.141)\nBuild info: version: '4.11.0', revision: '040bc5406b'\nSystem info: os.name: 'Windows 10', os.arch: 'amd64', os.version: '10.0', java.version: '15.0.2'\nDriver info: org.openqa.selenium.chrome.ChromeDriver\nCommand: [dd9ca593e20ff3843e43bb9ff981eb28, clickElement {id=E8C7994EFABED7C5C970B74C92C49E7C_element_39}]\nCapabilities {acceptInsecureCerts: true, browserName: chrome, browserVersion: 116.0.5845.141, chrome: {chromedriverVersion: 116.0.5845.96 (1a3918166880..., userDataDir: C:\\WINDOWS\\SystemTemp\\scope...}, fedcm:accounts: true, goog:chromeOptions: {debuggerAddress: localhost:50499}, networkConnectionEnabled: false, pageLoadStrategy: normal, platformName: windows, proxy: Proxy(), se:cdp: ws://localhost:50499/devtoo..., se:cdpVersion: 116.0.5845.141, setWindowRect: true, strictFileInteractability: false, timeouts: {implicit: 0, pageLoad: 300000, script: 30000}, unhandledPromptBehavior: accept, webauthn:extension:credBlob: true, webauthn:extension:largeBlob: true, webauthn:extension:minPinLength: true, webauthn:extension:prf: true, webauthn:virtualAuthenticators: true}\nElement: [[ChromeDriver: chrome on windows (dd9ca593e20ff3843e43bb9ff981eb28)] -> css selector: #\\32]\nSession ID: dd9ca593e20ff3843e43bb9ff981eb28\r\n\tat java.base/jdk.internal.reflect.NativeConstructorAccessorImpl.newInstance0(Native Method)\r\n\tat java.base/jdk.internal.reflect.NativeConstructorAccessorImpl.newInstance(NativeConstructorAccessorImpl.java:64)\r\n\tat java.base/jdk.internal.reflect.DelegatingConstructorAccessorImpl.newInstance(DelegatingConstructorAccessorImpl.java:45)\r\n\tat java.base/java.lang.reflect.Constructor.newInstanceWithCaller(Constructor.java:500)\r\n\tat java.base/java.lang.reflect.Constructor.newInstance(Constructor.java:481)\r\n\tat org.openqa.selenium.remote.codec.w3c.W3CHttpResponseCodec.createException(W3CHttpResponseCodec.java:200)\r\n\tat org.openqa.selenium.remote.codec.w3c.W3CHttpResponseCodec.decode(W3CHttpResponseCodec.java:133)\r\n\tat org.openqa.selenium.remote.codec.w3c.W3CHttpResponseCodec.decode(W3CHttpResponseCodec.java:52)\r\n\tat org.openqa.selenium.remote.HttpCommandExecutor.execute(HttpCommandExecutor.java:191)\r\n\tat org.openqa.selenium.remote.service.DriverCommandExecutor.invokeExecute(DriverCommandExecutor.java:196)\r\n\tat org.openqa.selenium.remote.service.DriverCommandExecutor.execute(DriverCommandExecutor.java:171)\r\n\tat org.openqa.selenium.remote.RemoteWebDriver.execute(RemoteWebDriver.java:518)\r\n\tat org.openqa.selenium.remote.RemoteWebElement.execute(RemoteWebElement.java:224)\r\n\tat org.openqa.selenium.remote.RemoteWebElement.click(RemoteWebElement.java:77)\r\n\tat com.codeborne.selenide.commands.Click.defaultClick(Click.java:97)\r\n\tat com.codeborne.selenide.commands.Click.click(Click.java:54)\r\n\tat com.codeborne.selenide.commands.Click.execute(Click.java:31)\r\n\tat com.codeborne.selenide.commands.Click.execute(Click.java:21)\r\n\tat com.codeborne.selenide.commands.Commands.execute(Commands.java:163)\r\n\tat com.codeborne.selenide.impl.SelenideElementProxy.dispatchAndRetry(SelenideElementProxy.java:132)\r\n\t... 71 more\r\n","flaky":false,"newFailed":false,"newBroken":false,"newPassed":false,"retriesCount":10,"retriesStatusChange":true,"beforeStages":[],"afterStages":[],"labels":[{"name":"junit.platform.uniqueid","value":"[engine:junit-jupiter]/[class:TestCases.CasesTest]/[method:verifySecondPageIsHighlighted()]"},{"name":"host","value":"Arpine-PC"},{"name":"thread","value":"22308@Arpine-PC.main(1)"},{"name":"framework","value":"junit-platform"},{"name":"language","value":"java"},{"name":"package","value":"TestCases.CasesTest"},{"name":"testClass","value":"TestCases.CasesTest"},{"name":"testMethod","value":"verifySecondPageIsHighlighted"},{"name":"suite","value":"TestCases.CasesTest"},{"name":"resultFormat","value":"allure2"}],"parameters":[],"links":[],"hidden":false,"retry":false,"extra":{"severity":"normal","retries":[{"uid":"97089cbcbb94fad4","status":"failed","statusDetails":"Element should be css value color=rgba(18, 34, 45, 1) {#\\32}\r\nElement: '<div class=\"Cases_active__HUpJ0\" id=\"2\">2</div>'\r\nActual value: color=rgba(255, 255, 255, 1)\r\nScreenshot: file:/C:/Users/Arpine/Desktop/Tesvan_Website/build/reports/tests/1694349045629.0.png\r\nPage source: file:/C:/Users/Arpine/Desktop/Tesvan_Website/build/reports/tests/1694349045629.0.html\r\nTimeout: 4 s.","time":{"start":1694349041517,"stop":1694349045948,"duration":4431}},{"uid":"4e69be87ce1bc9b2","status":"passed","time":{"start":1694349024195,"stop":1694349025254,"duration":1059}},{"uid":"917ac08f5ce4e20f","status":"failed","statusDetails":"Element should be css value color=rgba(18, 34, 45, 1) {div[id='2']}\r\nElement: '<div class=\"Cases_active__HUpJ0\" id=\"2\">2</div>'\r\nActual value: color=rgba(255, 255, 255, 1)\r\nScreenshot: file:/C:/Users/Arpine/Desktop/Tesvan_Website/build/reports/tests/1694348766506.0.png\r\nPage source: file:/C:/Users/Arpine/Desktop/Tesvan_Website/build/reports/tests/1694348766506.0.html\r\nTimeout: 4 s.","time":{"start":1694348762449,"stop":1694348766885,"duration":4436}},{"uid":"fe3c82434f947908","status":"passed","time":{"start":1694348741141,"stop":1694348742423,"duration":1282}},{"uid":"7b52e4039b33faf2","status":"failed","statusDetails":"Invalid element state [div[id='2']]: element click intercepted: Element <div id=\"...\" class=\"Cases_active__HUpJ0\">2</div> is not clickable at point (676, 41). Other element would receive the click: <a class=\" MenuItems_other_eng__GQNF7\" href=\"/en/education\">...</a>\r\nScreenshot: file:/C:/Users/Arpine/Desktop/Tesvan_Website/build/reports/tests/1694348326064.0.png\r\nPage source: file:/C:/Users/Arpine/Desktop/Tesvan_Website/build/reports/tests/1694348326064.0.html\r\nTimeout: 4 s.\r\nCaused by: ElementClickInterceptedException: element click intercepted: Element <div id=\"...\" class=\"Cases_active__HUpJ0\">2</div> is not clickable at point (676, 41). Other element would receive the click: <a class=\" MenuItems_other_eng__GQNF7\" href=\"/en/education\">...</a>","time":{"start":1694348320913,"stop":1694348326392,"duration":5479}},{"uid":"7b3e1aa541ad89c8","status":"passed","time":{"start":1694347930602,"stop":1694347930745,"duration":143}},{"uid":"fe86dfe63a2d30d9","status":"passed","time":{"start":1694346623480,"stop":1694346623607,"duration":127}},{"uid":"f23ef95947b082b0","status":"passed","time":{"start":1694346430471,"stop":1694346430606,"duration":135}},{"uid":"e5bfe3113287d0e4","status":"failed","statusDetails":"Element should be clickable: interactable and enabled {div[id='2']}\r\nElement: '<div class=\"HomePageServices_container2__2YL_z\" id=\"2\" tabindex=\"-1\" displayed:false></div>'\r\nActual value: hidden, opacity=1\r\nScreenshot: file:/C:/Users/Arpine/Desktop/Tesvan_Website/build/reports/tests/1694346334760.3.png\r\nPage source: file:/C:/Users/Arpine/Desktop/Tesvan_Website/build/reports/tests/1694346334760.3.html\r\nTimeout: 4 s.","time":{"start":1694346330565,"stop":1694346335347,"duration":4782}},{"uid":"4fae9d17afd03d52","status":"failed","statusDetails":"Element should be clickable: interactable and enabled {div[id='2']}\r\nElement: '<div class=\"HomePageServices_container2__2YL_z\" id=\"2\" tabindex=\"-1\" displayed:false></div>'\r\nActual value: hidden, opacity=1\r\nScreenshot: file:/C:/Users/Arpine/Desktop/Tesvan_Website/build/reports/tests/1694346257942.3.png\r\nPage source: file:/C:/Users/Arpine/Desktop/Tesvan_Website/build/reports/tests/1694346257942.3.html\r\nTimeout: 4 s.","time":{"start":1694346253900,"stop":1694346258541,"duration":4641}}],"categories":[{"name":"Product defects","matchedStatuses":[],"flaky":false}],"tags":[]},"source":"71e0cf4d9711d1e8.json","parameterValues":[]}