{"uid":"d800684b88a30d0","name":"verifyDescriptionFieldAcceptanceCredentials()","fullName":"TestCases.HomePageTest.verifyDescriptionFieldAcceptanceCredentials","historyId":"2849c007b693e94578a373165219bffc","time":{"start":1694378840235,"stop":1694378847712,"duration":7477},"description":"","status":"failed","statusMessage":"Element not found {By.xpath: //p[@class='Textarea_error__FdPs5']}\r\nExpected: text \"Description should contain minimum 20 characters\"\r\nScreenshot: file:/C:/Users/Arpine/Desktop/Tesvan_Website/build/reports/tests/1694378847383.3.png\r\nPage source: file:/C:/Users/Arpine/Desktop/Tesvan_Website/build/reports/tests/1694378847383.3.html\r\nTimeout: 4 s.\r\nCaused by: NoSuchElementException: no such element: Unable to locate element: {\"method\":\"xpath\",\"selector\":\"//p[@class='Textarea_error__FdPs5']\"}","statusTrace":"Element not found {By.xpath: //p[@class='Textarea_error__FdPs5']}\r\nExpected: text \"Description should contain minimum 20 characters\"\r\nScreenshot: file:/C:/Users/Arpine/Desktop/Tesvan_Website/build/reports/tests/1694378847383.3.png\r\nPage source: file:/C:/Users/Arpine/Desktop/Tesvan_Website/build/reports/tests/1694378847383.3.html\r\nTimeout: 4 s.\r\nCaused by: NoSuchElementException: no such element: Unable to locate element: {\"method\":\"xpath\",\"selector\":\"//p[@class='Textarea_error__FdPs5']\"}\r\n\tat com.codeborne.selenide.impl.WebElementSource.createElementNotFoundError(WebElementSource.java:91)\r\n\tat com.codeborne.selenide.impl.ElementFinder.createElementNotFoundError(ElementFinder.java:142)\r\n\tat com.codeborne.selenide.impl.WebElementSource.handleError(WebElementSource.java:143)\r\n\tat com.codeborne.selenide.impl.WebElementSource.checkConditionAndReturnElement(WebElementSource.java:127)\r\n\tat com.codeborne.selenide.impl.WebElementSource.checkCondition(WebElementSource.java:104)\r\n\tat com.codeborne.selenide.commands.Should.execute(Should.java:30)\r\n\tat com.codeborne.selenide.commands.Should.execute(Should.java:14)\r\n\tat com.codeborne.selenide.commands.Commands.execute(Commands.java:163)\r\n\tat com.codeborne.selenide.impl.SelenideElementProxy.dispatchAndRetry(SelenideElementProxy.java:132)\r\n\tat com.codeborne.selenide.impl.SelenideElementProxy.invoke(SelenideElementProxy.java:84)\r\n\tat com.sun.proxy.$Proxy14.shouldHave(Unknown Source)\r\n\tat TestCases.HomePageTest.verifyDescriptionFieldAcceptanceCredentials(HomePageTest.java:310)\r\n\tat java.base/jdk.internal.reflect.NativeMethodAccessorImpl.invoke0(Native Method)\r\n\tat java.base/jdk.internal.reflect.NativeMethodAccessorImpl.invoke(NativeMethodAccessorImpl.java:64)\r\n\tat java.base/jdk.internal.reflect.DelegatingMethodAccessorImpl.invoke(DelegatingMethodAccessorImpl.java:43)\r\n\tat java.base/java.lang.reflect.Method.invoke(Method.java:564)\r\n\tat org.junit.platform.commons.util.ReflectionUtils.invokeMethod(ReflectionUtils.java:727)\r\n\tat org.junit.jupiter.engine.execution.MethodInvocation.proceed(MethodInvocation.java:60)\r\n\tat org.junit.jupiter.engine.execution.InvocationInterceptorChain$ValidatingInvocation.proceed(InvocationInterceptorChain.java:131)\r\n\tat org.junit.jupiter.engine.extension.TimeoutExtension.intercept(TimeoutExtension.java:156)\r\n\tat org.junit.jupiter.engine.extension.TimeoutExtension.interceptTestableMethod(TimeoutExtension.java:147)\r\n\tat org.junit.jupiter.engine.extension.TimeoutExtension.interceptTestMethod(TimeoutExtension.java:86)\r\n\tat org.junit.jupiter.engine.execution.InterceptingExecutableInvoker$ReflectiveInterceptorCall.lambda$ofVoidMethod$0(InterceptingExecutableInvoker.java:103)\r\n\tat org.junit.jupiter.engine.execution.InterceptingExecutableInvoker.lambda$invoke$0(InterceptingExecutableInvoker.java:93)\r\n\tat org.junit.jupiter.engine.execution.InvocationInterceptorChain$InterceptedInvocation.proceed(InvocationInterceptorChain.java:106)\r\n\tat org.junit.jupiter.engine.execution.InvocationInterceptorChain.proceed(InvocationInterceptorChain.java:64)\r\n\tat org.junit.jupiter.engine.execution.InvocationInterceptorChain.chainAndInvoke(InvocationInterceptorChain.java:45)\r\n\tat org.junit.jupiter.engine.execution.InvocationInterceptorChain.invoke(InvocationInterceptorChain.java:37)\r\n\tat org.junit.jupiter.engine.execution.InterceptingExecutableInvoker.invoke(InterceptingExecutableInvoker.java:92)\r\n\tat org.junit.jupiter.engine.execution.InterceptingExecutableInvoker.invoke(InterceptingExecutableInvoker.java:86)\r\n\tat org.junit.jupiter.engine.descriptor.TestMethodTestDescriptor.lambda$invokeTestMethod$7(TestMethodTestDescriptor.java:217)\r\n\tat org.junit.platform.engine.support.hierarchical.ThrowableCollector.execute(ThrowableCollector.java:73)\r\n\tat org.junit.jupiter.engine.descriptor.TestMethodTestDescriptor.invokeTestMethod(TestMethodTestDescriptor.java:213)\r\n\tat org.junit.jupiter.engine.descriptor.TestMethodTestDescriptor.execute(TestMethodTestDescriptor.java:138)\r\n\tat org.junit.jupiter.engine.descriptor.TestMethodTestDescriptor.execute(TestMethodTestDescriptor.java:68)\r\n\tat org.junit.platform.engine.support.hierarchical.NodeTestTask.lambda$executeRecursively$6(NodeTestTask.java:151)\r\n\tat org.junit.platform.engine.support.hierarchical.ThrowableCollector.execute(ThrowableCollector.java:73)\r\n\tat org.junit.platform.engine.support.hierarchical.NodeTestTask.lambda$executeRecursively$8(NodeTestTask.java:141)\r\n\tat org.junit.platform.engine.support.hierarchical.Node.around(Node.java:137)\r\n\tat org.junit.platform.engine.support.hierarchical.NodeTestTask.lambda$executeRecursively$9(NodeTestTask.java:139)\r\n\tat org.junit.platform.engine.support.hierarchical.ThrowableCollector.execute(ThrowableCollector.java:73)\r\n\tat org.junit.platform.engine.support.hierarchical.NodeTestTask.executeRecursively(NodeTestTask.java:138)\r\n\tat org.junit.platform.engine.support.hierarchical.NodeTestTask.execute(NodeTestTask.java:95)\r\n\tat java.base/java.util.ArrayList.forEach(ArrayList.java:1511)\r\n\tat org.junit.platform.engine.support.hierarchical.SameThreadHierarchicalTestExecutorService.invokeAll(SameThreadHierarchicalTestExecutorService.java:41)\r\n\tat org.junit.platform.engine.support.hierarchical.NodeTestTask.lambda$executeRecursively$6(NodeTestTask.java:155)\r\n\tat org.junit.platform.engine.support.hierarchical.ThrowableCollector.execute(ThrowableCollector.java:73)\r\n\tat org.junit.platform.engine.support.hierarchical.NodeTestTask.lambda$executeRecursively$8(NodeTestTask.java:141)\r\n\tat org.junit.platform.engine.support.hierarchical.Node.around(Node.java:137)\r\n\tat org.junit.platform.engine.support.hierarchical.NodeTestTask.lambda$executeRecursively$9(NodeTestTask.java:139)\r\n\tat org.junit.platform.engine.support.hierarchical.ThrowableCollector.execute(ThrowableCollector.java:73)\r\n\tat org.junit.platform.engine.support.hierarchical.NodeTestTask.executeRecursively(NodeTestTask.java:138)\r\n\tat org.junit.platform.engine.support.hierarchical.NodeTestTask.execute(NodeTestTask.java:95)\r\n\tat java.base/java.util.ArrayList.forEach(ArrayList.java:1511)\r\n\tat org.junit.platform.engine.support.hierarchical.SameThreadHierarchicalTestExecutorService.invokeAll(SameThreadHierarchicalTestExecutorService.java:41)\r\n\tat org.junit.platform.engine.support.hierarchical.NodeTestTask.lambda$executeRecursively$6(NodeTestTask.java:155)\r\n\tat org.junit.platform.engine.support.hierarchical.ThrowableCollector.execute(ThrowableCollector.java:73)\r\n\tat org.junit.platform.engine.support.hierarchical.NodeTestTask.lambda$executeRecursively$8(NodeTestTask.java:141)\r\n\tat org.junit.platform.engine.support.hierarchical.Node.around(Node.java:137)\r\n\tat org.junit.platform.engine.support.hierarchical.NodeTestTask.lambda$executeRecursively$9(NodeTestTask.java:139)\r\n\tat org.junit.platform.engine.support.hierarchical.ThrowableCollector.execute(ThrowableCollector.java:73)\r\n\tat org.junit.platform.engine.support.hierarchical.NodeTestTask.executeRecursively(NodeTestTask.java:138)\r\n\tat org.junit.platform.engine.support.hierarchical.NodeTestTask.execute(NodeTestTask.java:95)\r\n\tat org.junit.platform.engine.support.hierarchical.SameThreadHierarchicalTestExecutorService.submit(SameThreadHierarchicalTestExecutorService.java:35)\r\n\tat org.junit.platform.engine.support.hierarchical.HierarchicalTestExecutor.execute(HierarchicalTestExecutor.java:57)\r\n\tat org.junit.platform.engine.support.hierarchical.HierarchicalTestEngine.execute(HierarchicalTestEngine.java:54)\r\n\tat org.junit.platform.launcher.core.EngineExecutionOrchestrator.execute(EngineExecutionOrchestrator.java:147)\r\n\tat org.junit.platform.launcher.core.EngineExecutionOrchestrator.execute(EngineExecutionOrchestrator.java:127)\r\n\tat org.junit.platform.launcher.core.EngineExecutionOrchestrator.execute(EngineExecutionOrchestrator.java:90)\r\n\tat org.junit.platform.launcher.core.EngineExecutionOrchestrator.lambda$execute$0(EngineExecutionOrchestrator.java:55)\r\n\tat org.junit.platform.launcher.core.EngineExecutionOrchestrator.withInterceptedStreams(EngineExecutionOrchestrator.java:102)\r\n\tat org.junit.platform.launcher.core.EngineExecutionOrchestrator.execute(EngineExecutionOrchestrator.java:54)\r\n\tat org.junit.platform.launcher.core.DefaultLauncher.execute(DefaultLauncher.java:114)\r\n\tat org.junit.platform.launcher.core.DefaultLauncher.execute(DefaultLauncher.java:86)\r\n\tat org.junit.platform.launcher.core.DefaultLauncherSession$DelegatingLauncher.execute(DefaultLauncherSession.java:86)\r\n\tat org.junit.platform.launcher.core.SessionPerRequestLauncher.execute(SessionPerRequestLauncher.java:53)\r\n\tat com.intellij.junit5.JUnit5IdeaTestRunner.startRunnerWithArgs(JUnit5IdeaTestRunner.java:71)\r\n\tat com.intellij.rt.junit.IdeaTestRunner$Repeater.startRunnerWithArgs(IdeaTestRunner.java:33)\r\n\tat com.intellij.rt.junit.JUnitStarter.prepareStreamsAndStart(JUnitStarter.java:220)\r\n\tat com.intellij.rt.junit.JUnitStarter.main(JUnitStarter.java:53)\r\nCaused by: org.openqa.selenium.NoSuchElementException: no such element: Unable to locate element: {\"method\":\"xpath\",\"selector\":\"//p[@class='Textarea_error__FdPs5']\"}\n  (Session info: chrome=116.0.5845.141)\nFor documentation on this error, please visit: https://www.selenium.dev/documentation/webdriver/troubleshooting/errors#no-such-element-exception\nBuild info: version: '4.11.0', revision: '040bc5406b'\nSystem info: os.name: 'Windows 10', os.arch: 'amd64', os.version: '10.0', java.version: '15.0.2'\nDriver info: org.openqa.selenium.chrome.ChromeDriver\nCommand: [8923e37dd9e77798aab28aa9be92b40a, findElement {using=xpath, value=//p[@class='Textarea_error__FdPs5']}]\nCapabilities {acceptInsecureCerts: true, browserName: chrome, browserVersion: 116.0.5845.141, chrome: {chromedriverVersion: 116.0.5845.96 (1a3918166880..., userDataDir: C:\\WINDOWS\\SystemTemp\\scope...}, fedcm:accounts: true, goog:chromeOptions: {debuggerAddress: localhost:62270}, networkConnectionEnabled: false, pageLoadStrategy: normal, platformName: windows, proxy: Proxy(), se:cdp: ws://localhost:62270/devtoo..., se:cdpVersion: 116.0.5845.141, setWindowRect: true, strictFileInteractability: false, timeouts: {implicit: 0, pageLoad: 300000, script: 30000}, unhandledPromptBehavior: accept, webauthn:extension:credBlob: true, webauthn:extension:largeBlob: true, webauthn:extension:minPinLength: true, webauthn:extension:prf: true, webauthn:virtualAuthenticators: true}\nSession ID: 8923e37dd9e77798aab28aa9be92b40a\r\n\tat jdk.internal.reflect.GeneratedConstructorAccessor16.newInstance(Unknown Source)\r\n\tat java.base/jdk.internal.reflect.DelegatingConstructorAccessorImpl.newInstance(DelegatingConstructorAccessorImpl.java:45)\r\n\tat java.base/java.lang.reflect.Constructor.newInstanceWithCaller(Constructor.java:500)\r\n\tat java.base/java.lang.reflect.Constructor.newInstance(Constructor.java:481)\r\n\tat org.openqa.selenium.remote.codec.w3c.W3CHttpResponseCodec.createException(W3CHttpResponseCodec.java:200)\r\n\tat org.openqa.selenium.remote.codec.w3c.W3CHttpResponseCodec.decode(W3CHttpResponseCodec.java:133)\r\n\tat org.openqa.selenium.remote.codec.w3c.W3CHttpResponseCodec.decode(W3CHttpResponseCodec.java:52)\r\n\tat org.openqa.selenium.remote.HttpCommandExecutor.execute(HttpCommandExecutor.java:191)\r\n\tat org.openqa.selenium.remote.service.DriverCommandExecutor.invokeExecute(DriverCommandExecutor.java:196)\r\n\tat org.openqa.selenium.remote.service.DriverCommandExecutor.execute(DriverCommandExecutor.java:171)\r\n\tat org.openqa.selenium.remote.RemoteWebDriver.execute(RemoteWebDriver.java:518)\r\n\tat org.openqa.selenium.remote.ElementLocation$ElementFinder$2.findElement(ElementLocation.java:165)\r\n\tat org.openqa.selenium.remote.ElementLocation.findElement(ElementLocation.java:59)\r\n\tat org.openqa.selenium.remote.RemoteWebDriver.findElement(RemoteWebDriver.java:355)\r\n\tat org.openqa.selenium.remote.RemoteWebDriver.findElement(RemoteWebDriver.java:349)\r\n\tat com.codeborne.selenide.impl.WebElementSelector.findElement(WebElementSelector.java:70)\r\n\tat com.codeborne.selenide.impl.WebElementSelector.findElement(WebElementSelector.java:44)\r\n\tat com.codeborne.selenide.impl.WebElementSelector.findElement(WebElementSelector.java:33)\r\n\tat com.codeborne.selenide.impl.ElementFinder.getWebElement(ElementFinder.java:122)\r\n\tat com.codeborne.selenide.impl.WebElementSource.checkConditionAndReturnElement(WebElementSource.java:116)\r\n\t... 76 more\r\n","flaky":false,"newFailed":false,"newBroken":false,"newPassed":false,"retriesCount":9,"retriesStatusChange":true,"beforeStages":[],"afterStages":[],"labels":[{"name":"junit.platform.uniqueid","value":"[engine:junit-jupiter]/[class:TestCases.HomePageTest]/[method:verifyDescriptionFieldAcceptanceCredentials()]"},{"name":"host","value":"Arpine-PC"},{"name":"thread","value":"17956@Arpine-PC.main(1)"},{"name":"framework","value":"junit-platform"},{"name":"language","value":"java"},{"name":"package","value":"TestCases.HomePageTest"},{"name":"testClass","value":"TestCases.HomePageTest"},{"name":"testMethod","value":"verifyDescriptionFieldAcceptanceCredentials"},{"name":"suite","value":"TestCases.HomePageTest"},{"name":"resultFormat","value":"allure2"}],"parameters":[],"links":[],"hidden":false,"retry":false,"extra":{"severity":"normal","retries":[{"uid":"b1f186a238334c37","status":"failed","statusDetails":"Element not found {By.xpath: //p[@class='Textarea_error__FdPs5']}\r\nExpected: text \"Description should contain minimum 20 characters\"\r\nScreenshot: file:/C:/Users/Arpine/Desktop/Tesvan_Website/build/reports/tests/1694371688694.3.png\r\nPage source: file:/C:/Users/Arpine/Desktop/Tesvan_Website/build/reports/tests/1694371688694.3.html\r\nTimeout: 4 s.\r\nCaused by: NoSuchElementException: no such element: Unable to locate element: {\"method\":\"xpath\",\"selector\":\"//p[@class='Textarea_error__FdPs5']\"}","time":{"start":1694371681347,"stop":1694371688940,"duration":7593}},{"uid":"176852bb1d49bdd4","status":"passed","time":{"start":1694359952890,"stop":1694359961871,"duration":8981}},{"uid":"ae2b604fb300444c","status":"failed","statusDetails":"Element not found {By.xpath: //p[@class='Textarea_error__FdPs5']}\r\nExpected: text \"Description should contain minimum 20 characters\"\r\nScreenshot: file:/C:/Users/Arpine/Desktop/Tesvan_Website/build/reports/tests/1694358650697.3.png\r\nPage source: file:/C:/Users/Arpine/Desktop/Tesvan_Website/build/reports/tests/1694358650697.3.html\r\nTimeout: 4 s.\r\nCaused by: NoSuchElementException: no such element: Unable to locate element: {\"method\":\"xpath\",\"selector\":\"//p[@class='Textarea_error__FdPs5']\"}","time":{"start":1694358643514,"stop":1694358651017,"duration":7503}},{"uid":"1719f5e14e676c61","status":"passed","time":{"start":1694358522636,"stop":1694358532188,"duration":9552}},{"uid":"7c2db48e813a06bf","status":"failed","statusDetails":"Element not found {By.xpath: //p[@class='Textarea_error__FdPs5']}\r\nExpected: text \"Description should contain minimum 20 characters\"\r\nScreenshot: file:/C:/Users/Arpine/Desktop/Tesvan_Website/build/reports/tests/1694357939011.0.png\r\nPage source: file:/C:/Users/Arpine/Desktop/Tesvan_Website/build/reports/tests/1694357939011.0.html\r\nTimeout: 4 s.\r\nCaused by: NoSuchElementException: no such element: Unable to locate element: {\"method\":\"xpath\",\"selector\":\"//p[@class='Textarea_error__FdPs5']\"}","time":{"start":1694357927813,"stop":1694357939387,"duration":11574}},{"uid":"aea0fb83d055a15d","status":"failed","statusDetails":"Element should have text \"Description should contain minimum 20 characters\" {div.ContactForm_textareaGroup__sXAWN > label > div > textarea}\r\nElement: '<textarea class=\"Textarea_textarea__FRUYw ContactForm_textarea__rM0bB\" type=\"textarea\" value=\"test\">test</textarea>'\r\nActual value: text=\"test\"\r\nScreenshot: file:/C:/Users/Arpine/Desktop/Tesvan_Website/build/reports/tests/1694357896127.0.png\r\nPage source: file:/C:/Users/Arpine/Desktop/Tesvan_Website/build/reports/tests/1694357896127.0.html\r\nTimeout: 4 s.","time":{"start":1694357884811,"stop":1694357896496,"duration":11685}},{"uid":"871387d1f4616e5a","status":"passed","time":{"start":1694357721991,"stop":1694357729146,"duration":7155}},{"uid":"ae92231713dc6010","status":"failed","statusDetails":"Element should have value=\"Description should c\" {div.ContactForm_textareaGroup__sXAWN > label > div > textarea}\r\nElement: '<textarea class=\"Textarea_textarea__FRUYw ContactForm_textarea__rM0bB\" type=\"textarea\"></textarea>'\r\nActual value: value=\"\"\r\nScreenshot: file:/C:/Users/Arpine/Desktop/Tesvan_Website/build/reports/tests/1694357297684.3.png\r\nPage source: file:/C:/Users/Arpine/Desktop/Tesvan_Website/build/reports/tests/1694357297684.3.html\r\nTimeout: 4 s.","time":{"start":1694357290863,"stop":1694357297954,"duration":7091}},{"uid":"df4e2b5b3c6266ea","status":"failed","statusDetails":"Element should have value=\"Description should c\" {div.ContactForm_textareaGroup__sXAWN > label > div > textarea}\r\nElement: '<textarea class=\"Textarea_textarea__FRUYw ContactForm_textarea__rM0bB\" type=\"textarea\"></textarea>'\r\nActual value: value=\"\"\r\nScreenshot: file:/C:/Users/Arpine/Desktop/Tesvan_Website/build/reports/tests/1694356904904.6.png\r\nPage source: file:/C:/Users/Arpine/Desktop/Tesvan_Website/build/reports/tests/1694356904904.6.html\r\nTimeout: 4 s.","time":{"start":1694356900593,"stop":1694356905161,"duration":4568}}],"categories":[{"name":"Product defects","matchedStatuses":[],"flaky":false}],"history":{"statistic":{"failed":4,"broken":0,"skipped":0,"passed":1,"unknown":0,"total":5},"items":[{"uid":"18695ecfc7d9d3db","reportUrl":"http://localhost:8080/job/Tesvan_Website/5/allure/#testresult/18695ecfc7d9d3db","status":"failed","statusDetails":"Element not found {By.xpath: //p[@class='Textarea_error__FdPs5']}\r\nExpected: text \"Description should contain minimum 20 characters\"\r\nScreenshot: file:/C:/Users/Arpine/Desktop/Tesvan_Website/build/reports/tests/1694371688694.3.png\r\nPage source: file:/C:/Users/Arpine/Desktop/Tesvan_Website/build/reports/tests/1694371688694.3.html\r\nTimeout: 4 s.\r\nCaused by: NoSuchElementException: no such element: Unable to locate element: {\"method\":\"xpath\",\"selector\":\"//p[@class='Textarea_error__FdPs5']\"}","time":{"start":1694371681347,"stop":1694371688940,"duration":7593}},{"uid":"3e86d5d544fd99","reportUrl":"http://localhost:8080/job/Tesvan_Website/4/allure/#testresult/3e86d5d544fd99","status":"failed","statusDetails":"Element not found {By.xpath: //p[@class='Textarea_error__FdPs5']}\r\nExpected: text \"Description should contain minimum 20 characters\"\r\nScreenshot: file:/C:/Users/Arpine/Desktop/Tesvan_Website/build/reports/tests/1694371688694.3.png\r\nPage source: file:/C:/Users/Arpine/Desktop/Tesvan_Website/build/reports/tests/1694371688694.3.html\r\nTimeout: 4 s.\r\nCaused by: NoSuchElementException: no such element: Unable to locate element: {\"method\":\"xpath\",\"selector\":\"//p[@class='Textarea_error__FdPs5']\"}","time":{"start":1694371681347,"stop":1694371688940,"duration":7593}},{"uid":"d24b99053ad956ed","reportUrl":"http://localhost:8080/job/Tesvan_Website/3/allure/#testresult/d24b99053ad956ed","status":"failed","statusDetails":"Element not found {By.xpath: //p[@class='Textarea_error__FdPs5']}\r\nExpected: text \"Description should contain minimum 20 characters\"\r\nScreenshot: file:/C:/Users/Arpine/Desktop/Tesvan_Website/build/reports/tests/1694371688694.3.png\r\nPage source: file:/C:/Users/Arpine/Desktop/Tesvan_Website/build/reports/tests/1694371688694.3.html\r\nTimeout: 4 s.\r\nCaused by: NoSuchElementException: no such element: Unable to locate element: {\"method\":\"xpath\",\"selector\":\"//p[@class='Textarea_error__FdPs5']\"}","time":{"start":1694371681347,"stop":1694371688940,"duration":7593}},{"uid":"8c1dcce9d0680834","reportUrl":"http://localhost:8080/job/Tesvan_Website/2/allure/#testresult/8c1dcce9d0680834","status":"passed","time":{"start":1694359952890,"stop":1694359961871,"duration":8981}}]},"tags":[]},"source":"d800684b88a30d0.json","parameterValues":[]}